<?xml version="1.0" encoding="UTF-8"?>
<!-- Generated by org.testng.reporters.JUnitReportReporter -->
<testsuite hostname="DESKTOP-4HJ5QRS" failures="0" tests="1" name="runner.CucumberRunnerTests" time="1.362" errors="0" timestamp="2024-08-19T12:30:03 IST" skipped="0">
  <testcase classname="runner.CucumberRunnerTests" name="runScenario" time="1.362"/>
</testsuite> <!-- runner.CucumberRunnerTests -->
