<?xml version="1.0" encoding="UTF-8"?>
<!-- Generated by org.testng.reporters.JUnitReportReporter -->
<testsuite hostname="DESKTOP-4HJ5QRS" failures="0" tests="1" name="RestAssuredTestNG.CreateAPIUserUsingMap" time="133.725" errors="0" timestamp="2024-04-18T14:39:03 IST" skipped="0">
  <testcase classname="RestAssuredTestNG.CreateAPIUserUsingMap" name="CreateuserUsingMapAsBody" time="133.725"/>
</testsuite> <!-- RestAssuredTestNG.CreateAPIUserUsingMap -->
