<?xml version="1.0" encoding="UTF-8"?>
<!-- Generated by org.testng.reporters.JUnitReportReporter -->
<testsuite hostname="DESKTOP-4HJ5QRS" failures="0" tests="1" name="seleniumbasic.ConfigPropertiesSample" time="5.612" errors="0" timestamp="2024-03-25T17:01:07 IST" skipped="0">
  <testcase classname="seleniumbasic.ConfigPropertiesSample" name="propertSampleMethod" time="5.612"/>
</testsuite> <!-- seleniumbasic.ConfigPropertiesSample -->
