<?xml version="1.0" encoding="UTF-8"?>
<!-- Generated by org.testng.reporters.JUnitReportReporter -->
<testsuite hostname="DESKTOP-4HJ5QRS" failures="0" tests="1" name="seleniumbasic.MultiLocatorsExample" time="5.738" errors="0" timestamp="22 Mar 2024 05:30:15 GMT" skipped="0">
  <testcase classname="seleniumbasic.MultiLocatorsExample" name="f" time="5.738"/>
</testsuite> <!-- seleniumbasic.MultiLocatorsExample -->
