<?xml version="1.0" encoding="UTF-8"?>
<!-- Generated by org.testng.reporters.JUnitReportReporter -->
<testsuite hostname="DESKTOP-4HJ5QRS" failures="0" tests="1" name="seleniumbasic.NewTourTestCase" time="17.420" errors="0" timestamp="2024-04-18T16:21:11 IST" skipped="0">
  <testcase classname="seleniumbasic.NewTourTestCase" name="VerifyNewTourLogin" time="17.420"/>
</testsuite> <!-- seleniumbasic.NewTourTestCase -->
