<?xml version="1.0" encoding="UTF-8"?>
<!-- Generated by org.testng.reporters.JUnitReportReporter -->
<testsuite hostname="DESKTOP-4HJ5QRS" failures="0" tests="1" name="seleniumbasic.WindowHandle" time="104.819" errors="0" timestamp="2024-03-27T16:21:04 IST" skipped="0">
  <testcase classname="seleniumbasic.WindowHandle" name="WindowhandleSample" time="104.819"/>
</testsuite> <!-- seleniumbasic.WindowHandle -->
