<?xml version="1.0" encoding="UTF-8"?>
<!-- Generated by org.testng.reporters.JUnitReportReporter -->
<testsuite hostname="DESKTOP-4HJ5QRS" failures="0" tests="1" name="seleniumbasic.AlertClass" time="7.296" errors="0" timestamp="2024-03-27T15:55:15 IST" skipped="0">
  <testcase classname="seleniumbasic.AlertClass" name="AlertSample" time="7.296"/>
</testsuite> <!-- seleniumbasic.AlertClass -->
