<?xml version="1.0" encoding="UTF-8"?>
<!-- Generated by org.testng.reporters.JUnitReportReporter -->
<testsuite hostname="DESKTOP-4HJ5QRS" failures="0" tests="4" name="seleniumbasic.CrossBrowserTesting" time="41.568" errors="0" timestamp="2024-08-19T11:33:28 IST" skipped="0">
  <testcase classname="seleniumbasic.CrossBrowserTesting" name="Launch" time="32.493"/>
  <testcase classname="seleniumbasic.CrossBrowserTesting" name="Launch" time="3.171"/>
  <testcase classname="seleniumbasic.CrossBrowserTesting" name="Launch" time="2.906"/>
  <testcase classname="seleniumbasic.CrossBrowserTesting" name="Launch" time="2.998"/>
</testsuite> <!-- seleniumbasic.CrossBrowserTesting -->
