<?xml version="1.0" encoding="UTF-8"?>
<!-- Generated by org.testng.reporters.JUnitReportReporter -->
<testsuite hostname="DESKTOP-4HJ5QRS" failures="0" tests="1" name="seleniumbasic.ExcelReadWrite" time="0.672" errors="0" timestamp="2024-05-06T19:24:15 IST" skipped="0">
  <testcase classname="seleniumbasic.ExcelReadWrite" name="ExcelReadWrite" time="0.672"/>
</testsuite> <!-- seleniumbasic.ExcelReadWrite -->
