<?xml version="1.0" encoding="UTF-8"?>
<!-- Generated by org.testng.reporters.JUnitReportReporter -->
<testsuite hostname="DESKTOP-4HJ5QRS" failures="0" tests="1" name="seleniumbasic.SignOnPomTesting" time="15.330" errors="0" timestamp="2024-03-27T11:29:49 IST" skipped="0">
  <testcase classname="seleniumbasic.SignOnPomTesting" name="VerifyApplicationHomePageISDisplayed" time="15.330"/>
</testsuite> <!-- seleniumbasic.SignOnPomTesting -->
