<?xml version="1.0" encoding="UTF-8"?>
<!-- Generated by org.testng.reporters.JUnitReportReporter -->
<testsuite hostname="DESKTOP-4HJ5QRS" failures="0" tests="1" name="seleniumbasic.SignOnPageFactoryTesting" time="14.226" errors="0" timestamp="2024-03-27T11:41:55 IST" skipped="0">
  <testcase classname="seleniumbasic.SignOnPageFactoryTesting" name="VerifyApplicationHomePageISDisplayed" time="14.226"/>
</testsuite> <!-- seleniumbasic.SignOnPageFactoryTesting -->
