<?xml version="1.0" encoding="UTF-8"?>
<!-- Generated by org.testng.reporters.JUnitReportReporter -->
<testsuite hostname="DESKTOP-4HJ5QRS" failures="0" tests="1" name="RestAssuredTestNG.APIWithGetPojoValidation" time="6.265" errors="0" timestamp="2024-04-29T11:06:47 IST" skipped="0">
  <testcase classname="RestAssuredTestNG.APIWithGetPojoValidation" name="f" time="6.265"/>
</testsuite> <!-- RestAssuredTestNG.APIWithGetPojoValidation -->
