<?xml version="1.0" encoding="UTF-8"?>
<!-- Generated by org.testng.reporters.JUnitReportReporter -->
<testsuite hostname="DESKTOP-4HJ5QRS" failures="0" tests="1" name="seleniumbasic.Launch" time="23.407" errors="0" timestamp="2024-04-04T11:33:43 IST" skipped="0">
  <testcase classname="seleniumbasic.Launch" name="LaunchBrowser" time="23.407"/>
</testsuite> <!-- seleniumbasic.Launch -->
