<?xml version="1.0" encoding="UTF-8"?>
<!-- Generated by org.testng.reporters.JUnitReportReporter -->
<testsuite hostname="DESKTOP-4HJ5QRS" failures="0" tests="1" name="seleniumbasic.FluentWaitSample" time="14.840" errors="0" timestamp="2024-08-19T11:06:00 IST" skipped="0">
  <testcase classname="seleniumbasic.FluentWaitSample" name="FluentWaitTestSample" time="14.840">
    <system-out>
      <![CDATA[Passed]]>
    </system-out>
  </testcase> <!-- FluentWaitTestSample -->
  <system-out>
    <![CDATA[Passed]]>
  </system-out>
</testsuite> <!-- seleniumbasic.FluentWaitSample -->
