<?xml version="1.0" encoding="UTF-8"?>
<!-- Generated by org.testng.reporters.JUnitReportReporter -->
<testsuite hostname="DESKTOP-4HJ5QRS" failures="0" tests="1" name="RestAssuredTestNG.MapPayLoadAPI" time="10.517" errors="0" timestamp="2024-08-19T13:09:33 IST" skipped="0">
  <testcase classname="RestAssuredTestNG.MapPayLoadAPI" name="TrelloPost" time="10.517"/>
</testsuite> <!-- RestAssuredTestNG.MapPayLoadAPI -->
