<?xml version="1.0" encoding="UTF-8"?>
<!-- Generated by org.testng.reporters.JUnitReportReporter -->
<testsuite hostname="DESKTOP-4HJ5QRS" failures="1" tests="1" name="seleniumbasic.AccessbilityTestJava" time="26.662" errors="0" timestamp="2024-08-19T10:59:54 IST" skipped="0">
  <testcase classname="seleniumbasic.AccessbilityTestJava" name="test" time="26.662">
    <failure message="Found 6 accessibility violations:
1) Buttons must have discernible text: https://dequeuniversity.com/rules/axe/3.1/button-name?application=axeAPI
  a) [&quot;.navbar-toggler&quot;]
    Fix all of the following:
      Element is in tab order and does not have accessible text

    Fix any of the following:
      Element has a value attribute and the value attribute is empty
      Element has no value attribute or the value attribute is empty
      Element does not have inner text that is visible to screen readers
      aria-label attribute does not exist or is empty
      aria-labelledby attribute does not exist, references elements that do not exist or references elements that are empty
      Element&#039;s default semantics were not overridden with role=&quot;presentation&quot;
      Element&#039;s default semantics were not overridden with role=&quot;none&quot;
      Element has no title attribute or the title attribute is empty


2) id attribute value must be unique: https://dequeuniversity.com/rules/axe/3.1/duplicate-id?application=axeAPI
  a) [&quot;text[x=\&quot;\\35 0\&quot;]&quot;]
    Fix any of the following:
      Document has multiple static elements with the same id attribute


  b) [&quot;.dropdown.nav-item:nth-child(1) &gt; .dropdown-menu &gt; li:nth-child(1) &gt; .dropdown-item.justify-content-between.d-flex &gt; svg[width=\&quot;\\31 8\&quot;][height=\&quot;\\31 8\&quot;][viewBox=\&quot;\\30 \\ 0\\ 24\\ 24\&quot;]&quot;]
    Fix any of the following:
      Document has multiple static elements with the same id attribute


3) Heading levels should only increase by one: https://dequeuniversity.com/rules/axe/3.1/heading-order?application=axeAPI
  a) [&quot;.p-md-4 &gt; h5&quot;]
    Fix any of the following:
      Heading order invalid


  b) [&quot;h4&quot;]
    Fix any of the following:
      Heading order invalid


4) Form elements must have labels: https://dequeuniversity.com/rules/axe/3.1/label?application=axeAPI
  a) [&quot;.first_name&quot;]
    Fix any of the following:
      aria-label attribute does not exist or is empty
      aria-labelledby attribute does not exist, references elements that do not exist or references elements that are empty
      Form element does not have an implicit (wrapped) &lt;label&gt;
      Form element does not have an explicit &lt;label&gt;
      Element has no title attribute or the title attribute is empty


  b) [&quot;.last_name&quot;]
    Fix any of the following:
      aria-label attribute does not exist or is empty
      aria-labelledby attribute does not exist, references elements that do not exist or references elements that are empty
      Form element does not have an implicit (wrapped) &lt;label&gt;
      Form element does not have an explicit &lt;label&gt;
      Element has no title attribute or the title attribute is empty


  c) [&quot;.whatsapp_number&quot;]
    Fix any of the following:
      aria-label attribute does not exist or is empty
      aria-labelledby attribute does not exist, references elements that do not exist or references elements that are empty
      Form element does not have an implicit (wrapped) &lt;label&gt;
      Form element does not have an explicit &lt;label&gt;
      Element has no title attribute or the title attribute is empty


  d) [&quot;.company_name&quot;]
    Fix any of the following:
      aria-label attribute does not exist or is empty
      aria-labelledby attribute does not exist, references elements that do not exist or references elements that are empty
      Form element does not have an implicit (wrapped) &lt;label&gt;
      Form element does not have an explicit &lt;label&gt;
      Element has no title attribute or the title attribute is empty


  e) [&quot;.email&quot;]
    Fix any of the following:
      aria-label attribute does not exist or is empty
      aria-labelledby attribute does not exist, references elements that do not exist or references elements that are empty
      Form element does not have an implicit (wrapped) &lt;label&gt;
      Form element does not have an explicit &lt;label&gt;
      Element has no title attribute or the title attribute is empty


  f) [&quot;#number&quot;]
    Fix any of the following:
      aria-label attribute does not exist or is empty
      aria-labelledby attribute does not exist, references elements that do not exist or references elements that are empty
      Form element does not have an implicit (wrapped) &lt;label&gt;
      Form element does not have an explicit &lt;label&gt;
      Element has no title attribute or the title attribute is empty


  g) [&quot;#address&quot;]
    Fix any of the following:
      aria-label attribute does not exist or is empty
      aria-labelledby attribute does not exist, references elements that do not exist or references elements that are empty
      Form element does not have an implicit (wrapped) &lt;label&gt;
      Form element does not have an explicit &lt;label&gt;
      Element has no title attribute or the title attribute is empty


5) Links must have discernible text: https://dequeuniversity.com/rules/axe/3.1/link-name?application=axeAPI
  a) [&quot;.bg-light.rounded-5[rel=\&quot;noopener\\ nofollow\&quot;]:nth-child(1)&quot;]
    Fix all of the following:
      Element is in tab order and does not have accessible text

    Fix any of the following:
      Element does not have text that is visible to screen readers
      aria-label attribute does not exist or is empty
      aria-labelledby attribute does not exist, references elements that do not exist or references elements that are empty
      Element&#039;s default semantics were not overridden with role=&quot;presentation&quot;
      Element&#039;s default semantics were not overridden with role=&quot;none&quot;


  b) [&quot;.bg-light.rounded-5[rel=\&quot;noopener\\ nofollow\&quot;]:nth-child(2)&quot;]
    Fix all of the following:
      Element is in tab order and does not have accessible text

    Fix any of the following:
      Element does not have text that is visible to screen readers
      aria-label attribute does not exist or is empty
      aria-labelledby attribute does not exist, references elements that do not exist or references elements that are empty
      Element&#039;s default semantics were not overridden with role=&quot;presentation&quot;
      Element&#039;s default semantics were not overridden with role=&quot;none&quot;


  c) [&quot;.bg-light.rounded-5[rel=\&quot;noopener\\ nofollow\&quot;]:nth-child(3)&quot;]
    Fix all of the following:
      Element is in tab order and does not have accessible text

    Fix any of the following:
      Element does not have text that is visible to screen readers
      aria-label attribute does not exist or is empty
      aria-labelledby attribute does not exist, references elements that do not exist or references elements that are empty
      Element&#039;s default semantics were not overridden with role=&quot;presentation&quot;
      Element&#039;s default semantics were not overridden with role=&quot;none&quot;


  d) [&quot;.bg-light.rounded-5[rel=\&quot;noopener\\ nofollow\&quot;]:nth-child(4)&quot;]
    Fix all of the following:
      Element is in tab order and does not have accessible text

    Fix any of the following:
      Element does not have text that is visible to screen readers
      aria-label attribute does not exist or is empty
      aria-labelledby attribute does not exist, references elements that do not exist or references elements that are empty
      Element&#039;s default semantics were not overridden with role=&quot;presentation&quot;
      Element&#039;s default semantics were not overridden with role=&quot;none&quot;


  e) [&quot;.bg-light.rounded-5[rel=\&quot;noopener\\ nofollow\&quot;]:nth-child(5)&quot;]
    Fix all of the following:
      Element is in tab order and does not have accessible text

    Fix any of the following:
      Element does not have text that is visible to screen readers
      aria-label attribute does not exist or is empty
      aria-labelledby attribute does not exist, references elements that do not exist or references elements that are empty
      Element&#039;s default semantics were not overridden with role=&quot;presentation&quot;
      Element&#039;s default semantics were not overridden with role=&quot;none&quot;


  f) [&quot;a[href=\&quot;https://wa.me/923311442244\&quot;]&quot;]
    Fix all of the following:
      Element is in tab order and does not have accessible text

    Fix any of the following:
      Element does not have text that is visible to screen readers
      aria-label attribute does not exist or is empty
      aria-labelledby attribute does not exist, references elements that do not exist or references elements that are empty
      Element&#039;s default semantics were not overridden with role=&quot;presentation&quot;
      Element&#039;s default semantics were not overridden with role=&quot;none&quot;


6) All page content must be contained by landmarks: https://dequeuniversity.com/rules/axe/3.1/region?application=axeAPI
  a) [&quot;html&quot;]
    Fix any of the following:
      Some page content is not contained by landmarks

 expected [true] but found [false]" type="java.lang.AssertionError">
      <![CDATA[java.lang.AssertionError: Found 6 accessibility violations:
1) Buttons must have discernible text: https://dequeuniversity.com/rules/axe/3.1/button-name?application=axeAPI
  a) [".navbar-toggler"]
    Fix all of the following:
      Element is in tab order and does not have accessible text

    Fix any of the following:
      Element has a value attribute and the value attribute is empty
      Element has no value attribute or the value attribute is empty
      Element does not have inner text that is visible to screen readers
      aria-label attribute does not exist or is empty
      aria-labelledby attribute does not exist, references elements that do not exist or references elements that are empty
      Element's default semantics were not overridden with role="presentation"
      Element's default semantics were not overridden with role="none"
      Element has no title attribute or the title attribute is empty


2) id attribute value must be unique: https://dequeuniversity.com/rules/axe/3.1/duplicate-id?application=axeAPI
  a) ["text[x=\"\\35 0\"]"]
    Fix any of the following:
      Document has multiple static elements with the same id attribute


  b) [".dropdown.nav-item:nth-child(1) > .dropdown-menu > li:nth-child(1) > .dropdown-item.justify-content-between.d-flex > svg[width=\"\\31 8\"][height=\"\\31 8\"][viewBox=\"\\30 \\ 0\\ 24\\ 24\"]"]
    Fix any of the following:
      Document has multiple static elements with the same id attribute


3) Heading levels should only increase by one: https://dequeuniversity.com/rules/axe/3.1/heading-order?application=axeAPI
  a) [".p-md-4 > h5"]
    Fix any of the following:
      Heading order invalid


  b) ["h4"]
    Fix any of the following:
      Heading order invalid


4) Form elements must have labels: https://dequeuniversity.com/rules/axe/3.1/label?application=axeAPI
  a) [".first_name"]
    Fix any of the following:
      aria-label attribute does not exist or is empty
      aria-labelledby attribute does not exist, references elements that do not exist or references elements that are empty
      Form element does not have an implicit (wrapped) <label>
      Form element does not have an explicit <label>
      Element has no title attribute or the title attribute is empty


  b) [".last_name"]
    Fix any of the following:
      aria-label attribute does not exist or is empty
      aria-labelledby attribute does not exist, references elements that do not exist or references elements that are empty
      Form element does not have an implicit (wrapped) <label>
      Form element does not have an explicit <label>
      Element has no title attribute or the title attribute is empty


  c) [".whatsapp_number"]
    Fix any of the following:
      aria-label attribute does not exist or is empty
      aria-labelledby attribute does not exist, references elements that do not exist or references elements that are empty
      Form element does not have an implicit (wrapped) <label>
      Form element does not have an explicit <label>
      Element has no title attribute or the title attribute is empty


  d) [".company_name"]
    Fix any of the following:
      aria-label attribute does not exist or is empty
      aria-labelledby attribute does not exist, references elements that do not exist or references elements that are empty
      Form element does not have an implicit (wrapped) <label>
      Form element does not have an explicit <label>
      Element has no title attribute or the title attribute is empty


  e) [".email"]
    Fix any of the following:
      aria-label attribute does not exist or is empty
      aria-labelledby attribute does not exist, references elements that do not exist or references elements that are empty
      Form element does not have an implicit (wrapped) <label>
      Form element does not have an explicit <label>
      Element has no title attribute or the title attribute is empty


  f) ["#number"]
    Fix any of the following:
      aria-label attribute does not exist or is empty
      aria-labelledby attribute does not exist, references elements that do not exist or references elements that are empty
      Form element does not have an implicit (wrapped) <label>
      Form element does not have an explicit <label>
      Element has no title attribute or the title attribute is empty


  g) ["#address"]
    Fix any of the following:
      aria-label attribute does not exist or is empty
      aria-labelledby attribute does not exist, references elements that do not exist or references elements that are empty
      Form element does not have an implicit (wrapped) <label>
      Form element does not have an explicit <label>
      Element has no title attribute or the title attribute is empty


5) Links must have discernible text: https://dequeuniversity.com/rules/axe/3.1/link-name?application=axeAPI
  a) [".bg-light.rounded-5[rel=\"noopener\\ nofollow\"]:nth-child(1)"]
    Fix all of the following:
      Element is in tab order and does not have accessible text

    Fix any of the following:
      Element does not have text that is visible to screen readers
      aria-label attribute does not exist or is empty
      aria-labelledby attribute does not exist, references elements that do not exist or references elements that are empty
      Element's default semantics were not overridden with role="presentation"
      Element's default semantics were not overridden with role="none"


  b) [".bg-light.rounded-5[rel=\"noopener\\ nofollow\"]:nth-child(2)"]
    Fix all of the following:
      Element is in tab order and does not have accessible text

    Fix any of the following:
      Element does not have text that is visible to screen readers
      aria-label attribute does not exist or is empty
      aria-labelledby attribute does not exist, references elements that do not exist or references elements that are empty
      Element's default semantics were not overridden with role="presentation"
      Element's default semantics were not overridden with role="none"


  c) [".bg-light.rounded-5[rel=\"noopener\\ nofollow\"]:nth-child(3)"]
    Fix all of the following:
      Element is in tab order and does not have accessible text

    Fix any of the following:
      Element does not have text that is visible to screen readers
      aria-label attribute does not exist or is empty
      aria-labelledby attribute does not exist, references elements that do not exist or references elements that are empty
      Element's default semantics were not overridden with role="presentation"
      Element's default semantics were not overridden with role="none"


  d) [".bg-light.rounded-5[rel=\"noopener\\ nofollow\"]:nth-child(4)"]
    Fix all of the following:
      Element is in tab order and does not have accessible text

    Fix any of the following:
      Element does not have text that is visible to screen readers
      aria-label attribute does not exist or is empty
      aria-labelledby attribute does not exist, references elements that do not exist or references elements that are empty
      Element's default semantics were not overridden with role="presentation"
      Element's default semantics were not overridden with role="none"


  e) [".bg-light.rounded-5[rel=\"noopener\\ nofollow\"]:nth-child(5)"]
    Fix all of the following:
      Element is in tab order and does not have accessible text

    Fix any of the following:
      Element does not have text that is visible to screen readers
      aria-label attribute does not exist or is empty
      aria-labelledby attribute does not exist, references elements that do not exist or references elements that are empty
      Element's default semantics were not overridden with role="presentation"
      Element's default semantics were not overridden with role="none"


  f) ["a[href=\"https://wa.me/923311442244\"]"]
    Fix all of the following:
      Element is in tab order and does not have accessible text

    Fix any of the following:
      Element does not have text that is visible to screen readers
      aria-label attribute does not exist or is empty
      aria-labelledby attribute does not exist, references elements that do not exist or references elements that are empty
      Element's default semantics were not overridden with role="presentation"
      Element's default semantics were not overridden with role="none"


6) All page content must be contained by landmarks: https://dequeuniversity.com/rules/axe/3.1/region?application=axeAPI
  a) ["html"]
    Fix any of the following:
      Some page content is not contained by landmarks

 expected [true] but found [false]
at org.testng.Assert.fail(Assert.java:111)
at org.testng.Assert.failNotEquals(Assert.java:1578)
at org.testng.Assert.assertTrue(Assert.java:57)
at seleniumbasic.AccessbilityTestJava.test(AccessbilityTestJava.java:42)
at java.base/jdk.internal.reflect.NativeMethodAccessorImpl.invoke0(Native Method)
at java.base/jdk.internal.reflect.NativeMethodAccessorImpl.invoke(NativeMethodAccessorImpl.java:77)
at java.base/jdk.internal.reflect.DelegatingMethodAccessorImpl.invoke(DelegatingMethodAccessorImpl.java:43)
at java.base/java.lang.reflect.Method.invoke(Method.java:568)
at org.testng.internal.invokers.MethodInvocationHelper.invokeMethod(MethodInvocationHelper.java:139)
at org.testng.internal.invokers.TestInvoker.invokeMethod(TestInvoker.java:664)
at org.testng.internal.invokers.TestInvoker.invokeTestMethod(TestInvoker.java:228)
at org.testng.internal.invokers.MethodRunner.runInSequence(MethodRunner.java:63)
at org.testng.internal.invokers.TestInvoker$MethodInvocationAgent.invoke(TestInvoker.java:961)
at org.testng.internal.invokers.TestInvoker.invokeTestMethods(TestInvoker.java:201)
at org.testng.internal.invokers.TestMethodWorker.invokeTestMethods(TestMethodWorker.java:148)
at org.testng.internal.invokers.TestMethodWorker.run(TestMethodWorker.java:128)
at java.base/java.util.ArrayList.forEach(ArrayList.java:1511)
at org.testng.TestRunner.privateRun(TestRunner.java:819)
at org.testng.TestRunner.run(TestRunner.java:619)
at org.testng.SuiteRunner.runTest(SuiteRunner.java:443)
at org.testng.SuiteRunner.runSequentially(SuiteRunner.java:437)
at org.testng.SuiteRunner.privateRun(SuiteRunner.java:397)
at org.testng.SuiteRunner.run(SuiteRunner.java:336)
at org.testng.SuiteRunnerWorker.runSuite(SuiteRunnerWorker.java:52)
at org.testng.SuiteRunnerWorker.run(SuiteRunnerWorker.java:95)
at org.testng.TestNG.runSuitesSequentially(TestNG.java:1301)
at org.testng.TestNG.runSuitesLocally(TestNG.java:1228)
at org.testng.TestNG.runSuites(TestNG.java:1134)
at org.testng.TestNG.run(TestNG.java:1101)
at org.testng.remote.AbstractRemoteTestNG.run(AbstractRemoteTestNG.java:115)
at org.testng.remote.RemoteTestNG.initAndRun(RemoteTestNG.java:251)
at org.testng.remote.RemoteTestNG.main(RemoteTestNG.java:77)
]]>
    </failure>
  </testcase> <!-- test -->
</testsuite> <!-- seleniumbasic.AccessbilityTestJava -->
