<?xml version="1.0" encoding="UTF-8"?>
<!-- Generated by org.testng.reporters.JUnitReportReporter -->
<testsuite hostname="DESKTOP-4HJ5QRS" failures="0" tests="1" name="seleniumbasic.LaunchAppWithListner" time="10.053" errors="0" timestamp="2024-04-04T12:39:49 IST" skipped="0">
  <testcase classname="seleniumbasic.LaunchAppWithListner" name="ListnerSample" time="10.053"/>
</testsuite> <!-- seleniumbasic.LaunchAppWithListner -->
