<?xml version="1.0" encoding="UTF-8"?>
<!-- Generated by org.testng.reporters.JUnitReportReporter -->
<testsuite hostname="DESKTOP-4HJ5QRS" failures="0" tests="4" name="seleniumbasic.TestNGDependsPriorityGroups" time="9.297" errors="0" timestamp="2024-05-06T19:40:41 IST" skipped="1">
  <testcase classname="seleniumbasic.TestNGDependsPriorityGroups" name="Launch" time="3.778"/>
  <testcase classname="seleniumbasic.TestNGDependsPriorityGroups" name="EnterPassword" time="0.125"/>
  <testcase classname="seleniumbasic.TestNGDependsPriorityGroups" name="EnterUserName" time="5.394"/>
  <testcase classname="seleniumbasic.TestNGDependsPriorityGroups" name="EnterBussiness">
    <skipped/>
  </testcase> <!-- EnterBussiness -->
</testsuite> <!-- seleniumbasic.TestNGDependsPriorityGroups -->
