<?xml version="1.0" encoding="UTF-8"?>
<!-- Generated by org.testng.reporters.JUnitReportReporter -->
<testsuite hostname="DESKTOP-4HJ5QRS" failures="0" tests="1" name="RestAssuredTestNG.CreateDeleteAPIUsingJSonObject" time="132.222" errors="0" timestamp="2024-04-18T14:12:28 IST" skipped="0">
  <testcase classname="RestAssuredTestNG.CreateDeleteAPIUsingJSonObject" name="JsonOb" time="132.222"/>
</testsuite> <!-- RestAssuredTestNG.CreateDeleteAPIUsingJSonObject -->
