<?xml version="1.0" encoding="UTF-8"?>
<!-- Generated by org.testng.reporters.JUnitReportReporter -->
<testsuite hostname="DESKTOP-4HJ5QRS" failures="0" tests="3" name="seleniumbasic.DataDrivenTesting" time="17.977" errors="0" timestamp="2024-03-25T14:02:43 IST" skipped="0">
  <testcase classname="seleniumbasic.DataDrivenTesting" name="validateDataDrivenTestingExcel" time="4.514"/>
  <testcase classname="seleniumbasic.DataDrivenTesting" name="validateDataDrivenTestingExcel" time="6.702"/>
  <testcase classname="seleniumbasic.DataDrivenTesting" name="validateDataDrivenTestingExcel" time="6.761"/>
</testsuite> <!-- seleniumbasic.DataDrivenTesting -->
