<?xml version="1.0" encoding="UTF-8"?>
<!-- Generated by org.testng.reporters.JUnitReportReporter -->
<testsuite hostname="DESKTOP-4HJ5QRS" failures="0" tests="1" name="RestAssuredTestNG.CreateAPIUserUsingJsonFile" time="131.209" errors="0" timestamp="2024-04-18T14:34:13 IST" skipped="0">
  <testcase classname="RestAssuredTestNG.CreateAPIUserUsingJsonFile" name="JsonFile" time="131.209"/>
</testsuite> <!-- RestAssuredTestNG.CreateAPIUserUsingJsonFile -->
