<?xml version="1.0" encoding="UTF-8"?>
<!-- Generated by org.testng.reporters.JUnitReportReporter -->
<testsuite hostname="DESKTOP-4HJ5QRS" failures="0" tests="2" name="seleniumbasic.TestNGAnnotation" time="0.013" errors="0" timestamp="22 Mar 2024 05:12:17 GMT" skipped="0">
  <testcase classname="seleniumbasic.TestNGAnnotation" name="mainMethod" time="0.001"/>
  <testcase classname="seleniumbasic.TestNGAnnotation" name="mainMethod" time="0.012"/>
</testsuite> <!-- seleniumbasic.TestNGAnnotation -->
