<?xml version="1.0" encoding="UTF-8"?>
<!-- Generated by org.testng.reporters.JUnitReportReporter -->
<testsuite hostname="DESKTOP-4HJ5QRS" failures="0" tests="5" name="runner.TestRunner" time="95.320" errors="0" timestamp="2024-08-23T11:37:00 IST" skipped="0">
  <testcase classname="runner.TestRunner" name="runScenario" time="13.561"/>
  <testcase classname="runner.TestRunner" name="runScenario" time="32.132"/>
  <testcase classname="runner.TestRunner" name="runScenario" time="11.042"/>
  <testcase classname="runner.TestRunner" name="runScenario" time="16.455"/>
  <testcase classname="runner.TestRunner" name="runScenario" time="22.130"/>
</testsuite> <!-- runner.TestRunner -->
