<?xml version="1.0" encoding="UTF-8"?>
<!-- Generated by org.testng.reporters.JUnitReportReporter -->
<testsuite hostname="DESKTOP-4HJ5QRS" failures="0" tests="1" name="seleniumbasic.NewTourTestCase" time="29.446" errors="0" timestamp="23 Aug 2024 06:23:25 GMT" skipped="0">
  <testcase classname="seleniumbasic.NewTourTestCase" name="VerifyNewTourLogin" time="29.446"/>
</testsuite> <!-- seleniumbasic.NewTourTestCase -->
