<?xml version="1.0" encoding="UTF-8"?>
<!-- Generated by org.testng.reporters.JUnitReportReporter -->
<testsuite hostname="DESKTOP-4HJ5QRS" failures="0" tests="5" name="runner.TestRunner" time="126.948" errors="0" timestamp="23 Aug 2024 06:23:25 GMT" skipped="0">
  <testcase classname="runner.TestRunner" name="runScenario" time="30.494"/>
  <testcase classname="runner.TestRunner" name="runScenario" time="22.651"/>
  <testcase classname="runner.TestRunner" name="runScenario" time="27.982"/>
  <testcase classname="runner.TestRunner" name="runScenario" time="23.819"/>
  <testcase classname="runner.TestRunner" name="runScenario" time="22.002"/>
</testsuite> <!-- runner.TestRunner -->
